Using pre-set license
Built from '2022.2/staging' branch; Version is '2022.2.6f1 (10bfa6201ced) revision 1097638'; Using compiler version '192829333'; Build Type 'Release'
OS: 'Windows 11  (10.0.22621) 64bit Core' Language: 'en' Physical Memory: 7778 MB
BatchMode: 1, IsHumanControllingUs: 0, StartBugReporterOnCrash: 0, Is64bit: 1, IsPro: 1

COMMAND LINE ARGUMENTS:
C:\Program Files\Unity\Hub\Editor\2022.2.6f1\Editor\Unity.exe
-adb2
-batchMode
-noUpm
-name
AssetImportWorker0
-projectPath
C:/Users/narji/OneDrive/Desktop/PacStudent/Assets
-logFile
Logs/AssetImportWorker0.log
-srvPort
49821
Successfully changed project path to: C:/Users/narji/OneDrive/Desktop/PacStudent/Assets
C:/Users/narji/OneDrive/Desktop/PacStudent/Assets
[UnityMemory] Configuration Parameters - Can be set up in boot.config
    "memorysetup-bucket-allocator-granularity=16"
    "memorysetup-bucket-allocator-bucket-count=8"
    "memorysetup-bucket-allocator-block-size=33554432"
    "memorysetup-bucket-allocator-block-count=8"
    "memorysetup-main-allocator-block-size=16777216"
    "memorysetup-thread-allocator-block-size=16777216"
    "memorysetup-gfx-main-allocator-block-size=16777216"
    "memorysetup-gfx-thread-allocator-block-size=16777216"
    "memorysetup-cache-allocator-block-size=4194304"
    "memorysetup-typetree-allocator-block-size=2097152"
    "memorysetup-profiler-bucket-allocator-granularity=16"
    "memorysetup-profiler-bucket-allocator-bucket-count=8"
    "memorysetup-profiler-bucket-allocator-block-size=33554432"
    "memorysetup-profiler-bucket-allocator-block-count=8"
    "memorysetup-profiler-allocator-block-size=16777216"
    "memorysetup-profiler-editor-allocator-block-size=1048576"
    "memorysetup-temp-allocator-size-main=16777216"
    "memorysetup-job-temp-allocator-block-size=2097152"
    "memorysetup-job-temp-allocator-block-size-background=1048576"
    "memorysetup-job-temp-allocator-reduction-small-platforms=262144"
    "memorysetup-temp-allocator-size-background-worker=32768"
    "memorysetup-temp-allocator-size-job-worker=262144"
    "memorysetup-temp-allocator-size-preload-manager=33554432"
    "memorysetup-temp-allocator-size-nav-mesh-worker=65536"
    "memorysetup-temp-allocator-size-audio-worker=65536"
    "memorysetup-temp-allocator-size-cloud-worker=32768"
    "memorysetup-temp-allocator-size-gi-baking-worker=262144"
    "memorysetup-temp-allocator-size-gfx=262144"
Player connection [51120] Host "[IP] 192.168.1.144 [Port] 0 [Flags] 2 [Guid] 17647569 [EditorId] 17647569 [Version] 1048832 [Id] WindowsEditor(7,narjis-surfacepro) [Debug] 1 [PackageName] WindowsEditor [ProjectName] Editor" joined multi-casting on [225.0.0.222:54997]...

Player connection [51120] Host "[IP] 192.168.1.144 [Port] 0 [Flags] 2 [Guid] 17647569 [EditorId] 17647569 [Version] 1048832 [Id] WindowsEditor(7,narjis-surfacepro) [Debug] 1 [PackageName] WindowsEditor [ProjectName] Editor" joined alternative multi-casting on [225.0.0.222:34997]...

Refreshing native plugins compatible for Editor in 0.01 ms, found 0 plugins.
Preloading 0 native plugins for Editor in 0.00 ms.
Initialize engine version: 2022.2.6f1 (10bfa6201ced)
[Subsystems] Discovering subsystems at path C:/Program Files/Unity/Hub/Editor/2022.2.6f1/Editor/Data/Resources/UnitySubsystems
[Subsystems] Discovering subsystems at path C:/Users/narji/OneDrive/Desktop/PacStudent/Assets/Assets
GfxDevice: creating device client; threaded=0; jobified=0
Direct3D:
    Version:  Direct3D 11.0 [level 11.1]
    Renderer: Intel(R) Iris(R) Plus Graphics (ID=0x8a5a)
    Vendor:   Intel
    VRAM:     3889 MB
    Driver:   27.20.100.9621
Initialize mono
Mono path[0] = 'C:/Program Files/Unity/Hub/Editor/2022.2.6f1/Editor/Data/Managed'
Mono path[1] = 'C:/Program Files/Unity/Hub/Editor/2022.2.6f1/Editor/Data/MonoBleedingEdge/lib/mono/unityjit-win32'
Mono config path = 'C:/Program Files/Unity/Hub/Editor/2022.2.6f1/Editor/Data/MonoBleedingEdge/etc'
Using monoOptions --debugger-agent=transport=dt_socket,embedding=1,server=y,suspend=n,address=127.0.0.1:56092
Begin MonoManager ReloadAssembly
Registering precompiled unity dll's ...
Register platform support module: C:/Program Files/Unity/Hub/Editor/2022.2.6f1/Editor/Data/PlaybackEngines/WindowsStandaloneSupport/UnityEditor.WindowsStandalone.Extensions.dll
Registered in 0.014589 seconds.
- Loaded All Assemblies, in  0.766 seconds
Native extension for WindowsStandalone target not found
Mono: successfully reloaded assembly
- Finished resetting the current domain, in  0.654 seconds
Domain Reload Profiling:
	ReloadAssembly (378ms)
		BeginReloadAssembly (150ms)
			ExecutionOrderSort (0ms)
			DisableScriptedObjects (0ms)
			BackupInstance (0ms)
			ReleaseScriptingObjects (0ms)
			CreateAndSetChildDomain (2ms)
		LoadAllAssembliesAndSetupDomain (0ms)
			LoadAssemblies (143ms)
			RebuildTransferFunctionScriptingTraits (0ms)
			SetupTypeCache (370ms)
				TypeCache.Initialize (368ms)
					TypeCache.ScanAssembly (366ms)
				ResolveRequiredComponents (1ms)
		FinalizeReload (0ms)
			ReleaseScriptCaches (0ms)
			RebuildScriptCaches (0ms)
			SetupLoadedEditorAssemblies (505ms)
				LogAssemblyErrors (0ms)
				InitializePlatformSupportModulesInManaged (26ms)
				SetLoadedEditorAssemblies (20ms)
				RefreshPlugins (0ms)
				BeforeProcessingInitializeOnLoad (2ms)
				ProcessInitializeOnLoadAttributes (341ms)
				ProcessInitializeOnLoadMethodAttributes (116ms)
				AfterProcessingInitializeOnLoad (0ms)
				EditorAssembliesLoaded (0ms)
			ExecutionOrderSort2 (0ms)
			AwakeInstancesAfterBackupRestoration (0ms)
========================================================================
Worker process is ready to serve import requests
Begin MonoManager ReloadAssembly
- Loaded All Assemblies, in  0.745 seconds
Refreshing native plugins compatible for Editor in 0.00 ms, found 0 plugins.
Native extension for WindowsStandalone target not found
Mono: successfully reloaded assembly
- Finished resetting the current domain, in  0.799 seconds
Domain Reload Profiling:
	ReloadAssembly (389ms)
		BeginReloadAssembly (240ms)
			ExecutionOrderSort (0ms)
			DisableScriptedObjects (10ms)
			BackupInstance (0ms)
			ReleaseScriptingObjects (0ms)
			CreateAndSetChildDomain (38ms)
		LoadAllAssembliesAndSetupDomain (349ms)
			LoadAssemblies (146ms)
			RebuildTransferFunctionScriptingTraits (0ms)
			SetupTypeCache (306ms)
				TypeCache.Initialize (256ms)
					TypeCache.ScanAssembly (252ms)
				ResolveRequiredComponents (6ms)
		FinalizeReload (0ms)
			ReleaseScriptCaches (0ms)
			RebuildScriptCaches (0ms)
			SetupLoadedEditorAssemblies (482ms)
				LogAssemblyErrors (0ms)
				InitializePlatformSupportModulesInManaged (35ms)
				SetLoadedEditorAssemblies (10ms)
				RefreshPlugins (0ms)
				BeforeProcessingInitializeOnLoad (87ms)
				ProcessInitializeOnLoadAttributes (283ms)
				ProcessInitializeOnLoadMethodAttributes (52ms)
				AfterProcessingInitializeOnLoad (15ms)
				EditorAssembliesLoaded (0ms)
			ExecutionOrderSort2 (0ms)
			AwakeInstancesAfterBackupRestoration (16ms)
Launched and connected shader compiler UnityShaderCompiler.exe after 0.17 seconds
Refreshing native plugins compatible for Editor in 0.00 ms, found 0 plugins.
Preloading 0 native plugins for Editor in 0.00 ms.
Unloading 365 Unused Serialized files (Serialized files now loaded: 0)
Unloading 7 unused Assets / (58.5 KB). Loaded Objects now: 842.
Memory consumption went from 92.1 MB to 92.0 MB.
Total: 4.603500 ms (FindLiveObjects: 0.076900 ms CreateObjectMapping: 0.016700 ms MarkObjects: 4.387100 ms  DeleteObjects: 0.121300 ms)

AssetImportParameters requested are different than current active one (requested -> active):
  custom:video-encoder-webm-vp8: eb34c28f22e8b96e1ab97ce403110664 -> 
  custom:video-decoder-webm-vp8: 9c59270c3fd7afecdb556c50c9e8de78 -> 
  custom:audio-decoder-ogg-vorbis: bf7c407c2cedff20999df2af8eb42d56 -> 
  custom:video-decoder-ogg-theora: a1e56fd34408186e4bbccfd4996cb3dc -> 
  custom:audio-encoder-webm-vorbis: bf7c407c2cedff20999df2af8eb42d56 -> 
  custom:container-demuxer-webm: 4f35f7cbe854078d1ac9338744f61a02 -> 
  custom:container-muxer-webm: aa71ff27fc2769a1b78a27578f13a17b -> 
  custom:video-codec-MediaFoundation-h265: 746d11721c4dcdbdad8f713fa42b33f4 -> 
  custom:container-demuxer-ogg: 62fdf1f143b41e24485cea50d1cbac27 -> 
  custom:AudioImporter_EditorPlatform: d09bf68614088b80899f8185d706f6e7 -> 
  custom:framework-win-MediaFoundation: 216162199b28c13a410421893ffa2e32 -> 
========================================================================
Received Import Request.
  Time since last request: 492258.495766 seconds.
  path: Assets/Audio Clips/PelletEaten.wav
  artifactKey: Guid(3cac5621de98c8b4d8dcbffca4b16d07) Importer(2089858483,0ecaa5967403d082aa24f35e1b516d23)
Start importing Assets/Audio Clips/PelletEaten.wav using Guid(3cac5621de98c8b4d8dcbffca4b16d07) Importer(2089858483,0ecaa5967403d082aa24f35e1b516d23)  -> (artifact id: '2aa549af88004ee67c72c16e42babacd') in 0.419662 seconds 
Number of updated asset objects reloaded before import = 0
Number of asset objects unloaded after import = 1
========================================================================
Received Import Request.
  Time since last request: 0.000032 seconds.
  path: Assets/Audio Clips/NormalState.wav
  artifactKey: Guid(187d635860070ba468ac5c79d0cf7685) Importer(2089858483,0ecaa5967403d082aa24f35e1b516d23)
Start importing Assets/Audio Clips/NormalState.wav using Guid(187d635860070ba468ac5c79d0cf7685) Importer(2089858483,0ecaa5967403d082aa24f35e1b516d23)  -> (artifact id: 'b9b8b7de53ded9707c9cdaa7f1a7765c') in 0.207107 seconds 
Number of updated asset objects reloaded before import = 0
Number of asset objects unloaded after import = 1
========================================================================
Received Import Request.
  Time since last request: 0.000046 seconds.
  path: Assets/Visual Assets/Sprites/PacStudent.png
  artifactKey: Guid(e2bafde469527d9429d2d1d3d9daa405) Importer(2089858483,0ecaa5967403d082aa24f35e1b516d23)
Start importing Assets/Visual Assets/Sprites/PacStudent.png using Guid(e2bafde469527d9429d2d1d3d9daa405) Importer(2089858483,0ecaa5967403d082aa24f35e1b516d23)  -> (artifact id: '6c6e6b65ee04deb4ba990a86d2373e87') in 0.159235 seconds 
Number of updated asset objects reloaded before import = 0
Number of asset objects unloaded after import = 1
========================================================================
Received Import Request.
  Time since last request: 0.000032 seconds.
  path: Assets/Visual Assets/Sprites/Tiles/Tile1.4.png
  artifactKey: Guid(72a3065329aa57b4c98d2b81ccc15446) Importer(2089858483,0ecaa5967403d082aa24f35e1b516d23)
Start importing Assets/Visual Assets/Sprites/Tiles/Tile1.4.png using Guid(72a3065329aa57b4c98d2b81ccc15446) Importer(2089858483,0ecaa5967403d082aa24f35e1b516d23)  -> (artifact id: '55fa07030e4870a46b18956e952702cf') in 0.081630 seconds 
Number of updated asset objects reloaded before import = 0
Number of asset objects unloaded after import = 3
========================================================================
Received Import Request.
  Time since last request: 0.000028 seconds.
  path: Assets/Visual Assets/Sprites/Tiles/Tile4.1.asset
  artifactKey: Guid(1783c952ec411294b8e207959b356770) Importer(2089858483,0ecaa5967403d082aa24f35e1b516d23)
Start importing Assets/Visual Assets/Sprites/Tiles/Tile4.1.asset using Guid(1783c952ec411294b8e207959b356770) Importer(2089858483,0ecaa5967403d082aa24f35e1b516d23)  -> (artifact id: '270837f922d5378df7b70ba3c329e324') in 0.053845 seconds 
Number of updated asset objects reloaded before import = 0
Number of asset objects unloaded after import = 3
========================================================================
Received Import Request.
  Time since last request: 0.000068 seconds.
  path: Assets/Visual Assets/Sprites/Tiles/Tile1.1.asset
  artifactKey: Guid(82929de87e4f2fc4eb793c75fdb67a5c) Importer(2089858483,0ecaa5967403d082aa24f35e1b516d23)
Start importing Assets/Visual Assets/Sprites/Tiles/Tile1.1.asset using Guid(82929de87e4f2fc4eb793c75fdb67a5c) Importer(2089858483,0ecaa5967403d082aa24f35e1b516d23)  -> (artifact id: 'e4441f9c835232c3dbcc2af126ea2b25') in 0.029289 seconds 
Number of updated asset objects reloaded before import = 0
Number of asset objects unloaded after import = 3
========================================================================
Received Import Request.
  Time since last request: 0.000031 seconds.
  path: Assets/PacStudent-Game.unity
  artifactKey: Guid(b58b2787f66fe244a957d7cf24a13979) Importer(2089858483,0ecaa5967403d082aa24f35e1b516d23)
Start importing Assets/PacStudent-Game.unity using Guid(b58b2787f66fe244a957d7cf24a13979) Importer(2089858483,0ecaa5967403d082aa24f35e1b516d23)  -> (artifact id: '575618ab07df7901ea16fa43700b4979') in 0.027160 seconds 
Number of updated asset objects reloaded before import = 0
Number of asset objects unloaded after import = 1
========================================================================
Received Import Request.
  Time since last request: 0.000868 seconds.
  path: Assets/Visual Assets/Sprites/Tiles/Tile0.asset
  artifactKey: Guid(8e7236d40ad0e7f4b98ebf676d6fc34b) Importer(2089858483,0ecaa5967403d082aa24f35e1b516d23)
Start importing Assets/Visual Assets/Sprites/Tiles/Tile0.asset using Guid(8e7236d40ad0e7f4b98ebf676d6fc34b) Importer(2089858483,0ecaa5967403d082aa24f35e1b516d23)  -> (artifact id: '15b39b65eab5e10be03cb44592750d1d') in 0.030103 seconds 
Number of updated asset objects reloaded before import = 0
Number of asset objects unloaded after import = 3
========================================================================
Received Import Request.
  Time since last request: 0.000083 seconds.
  path: Assets/Visual Assets/Sprites/Tiles/Tile2.4.asset
  artifactKey: Guid(f9c93acc6d434e246ad7ac1a3bf37095) Importer(2089858483,0ecaa5967403d082aa24f35e1b516d23)
Start importing Assets/Visual Assets/Sprites/Tiles/Tile2.4.asset using Guid(f9c93acc6d434e246ad7ac1a3bf37095) Importer(2089858483,0ecaa5967403d082aa24f35e1b516d23)  -> (artifact id: 'f1fbe0a7feb7e6e8a19a75eb6417a427') in 0.037599 seconds 
Number of updated asset objects reloaded before import = 0
Number of asset objects unloaded after import = 3
========================================================================
Received Import Request.
  Time since last request: 0.000033 seconds.
  path: Assets/Visual Assets/Sprites/Tiles/Tile0.png
  artifactKey: Guid(5e1cf1a55838bf44c84ebf7b8cd71efb) Importer(2089858483,0ecaa5967403d082aa24f35e1b516d23)
Start importing Assets/Visual Assets/Sprites/Tiles/Tile0.png using Guid(5e1cf1a55838bf44c84ebf7b8cd71efb) Importer(2089858483,0ecaa5967403d082aa24f35e1b516d23)  -> (artifact id: '735ab3908e454df16be4715789da0b24') in 0.057715 seconds 
Number of updated asset objects reloaded before import = 0
Number of asset objects unloaded after import = 3
========================================================================
Received Import Request.
  Time since last request: 0.000039 seconds.
  path: Assets/Visual Assets/Sprites/Tiles/Tile2.3.asset
  artifactKey: Guid(3854c48595d3bfa44b2c89fb2803c7ff) Importer(2089858483,0ecaa5967403d082aa24f35e1b516d23)
Start importing Assets/Visual Assets/Sprites/Tiles/Tile2.3.asset using Guid(3854c48595d3bfa44b2c89fb2803c7ff) Importer(2089858483,0ecaa5967403d082aa24f35e1b516d23)  -> (artifact id: '5410e3485b041c2128bbbc715fc17172') in 0.034656 seconds 
Number of updated asset objects reloaded before import = 0
Number of asset objects unloaded after import = 3
========================================================================
Received Import Request.
  Time since last request: 0.000048 seconds.
  path: Assets/Audio Clips/ScaredState.wav
  artifactKey: Guid(d672645201149f04d9e5c68a724c5777) Importer(2089858483,0ecaa5967403d082aa24f35e1b516d23)
Start importing Assets/Audio Clips/ScaredState.wav using Guid(d672645201149f04d9e5c68a724c5777) Importer(2089858483,0ecaa5967403d082aa24f35e1b516d23)  -> (artifact id: 'b5bee9eecbce36a721364f4fcf400083') in 0.199990 seconds 
Number of updated asset objects reloaded before import = 0
Number of asset objects unloaded after import = 1
========================================================================
Received Import Request.
  Time since last request: 0.000117 seconds.
  path: Assets/Visual Assets/Sprites/Tiles/Tile1.2.png
  artifactKey: Guid(c70adb574c7d4a7469a9721b176b814f) Importer(2089858483,0ecaa5967403d082aa24f35e1b516d23)
Start importing Assets/Visual Assets/Sprites/Tiles/Tile1.2.png using Guid(c70adb574c7d4a7469a9721b176b814f) Importer(2089858483,0ecaa5967403d082aa24f35e1b516d23)  -> (artifact id: '48c8d2fcc6c85d8656f6822f856a6d4d') in 0.055379 seconds 
Number of updated asset objects reloaded before import = 0
Number of asset objects unloaded after import = 3
========================================================================
Received Import Request.
  Time since last request: 0.000032 seconds.
  path: Assets/Visual Assets/Sprites/Tiles/Tile4.4.png
  artifactKey: Guid(cfcbb77819033ca44bd5b94980864e17) Importer(2089858483,0ecaa5967403d082aa24f35e1b516d23)
Start importing Assets/Visual Assets/Sprites/Tiles/Tile4.4.png using Guid(cfcbb77819033ca44bd5b94980864e17) Importer(2089858483,0ecaa5967403d082aa24f35e1b516d23)  -> (artifact id: '1de3b3e99616b1543407309dbc9cfbe2') in 0.059505 seconds 
Number of updated asset objects reloaded before import = 0
Number of asset objects unloaded after import = 3
========================================================================
Received Import Request.
  Time since last request: 0.000040 seconds.
  path: Assets/Audio Clips/PacStudentDeath.wav
  artifactKey: Guid(4d9f6edc888386248bcef670d7e7f659) Importer(2089858483,0ecaa5967403d082aa24f35e1b516d23)
Start importing Assets/Audio Clips/PacStudentDeath.wav using Guid(4d9f6edc888386248bcef670d7e7f659) Importer(2089858483,0ecaa5967403d082aa24f35e1b516d23)  -> (artifact id: 'c2ea06ab2829a06ad8813bd763b79319') in 0.170618 seconds 
Number of updated asset objects reloaded before import = 0
Number of asset objects unloaded after import = 1
========================================================================
Received Import Request.
  Time since last request: 0.000141 seconds.
  path: Assets/Visual Assets/Sprites/Tiles/Tile2.4.png
  artifactKey: Guid(f557136563bea9045a18b1bf6ba84d60) Importer(2089858483,0ecaa5967403d082aa24f35e1b516d23)
Start importing Assets/Visual Assets/Sprites/Tiles/Tile2.4.png using Guid(f557136563bea9045a18b1bf6ba84d60) Importer(2089858483,0ecaa5967403d082aa24f35e1b516d23)  -> (artifact id: '5efe96f97dd579a8de50804573d3c10f') in 0.060030 seconds 
Number of updated asset objects reloaded before import = 0
Number of asset objects unloaded after import = 3
========================================================================
Received Import Request.
  Time since last request: 0.000113 seconds.
  path: Assets/Visual Assets/Sprites/Tiles/Tile3.1.asset
  artifactKey: Guid(0cfcec6dc4f87b1449e0e7f392596a39) Importer(2089858483,0ecaa5967403d082aa24f35e1b516d23)
Start importing Assets/Visual Assets/Sprites/Tiles/Tile3.1.asset using Guid(0cfcec6dc4f87b1449e0e7f392596a39) Importer(2089858483,0ecaa5967403d082aa24f35e1b516d23)  -> (artifact id: 'b2c997b188d2d6b990529dc85bd472f5') in 0.049980 seconds 
Number of updated asset objects reloaded before import = 0
Number of asset objects unloaded after import = 3
========================================================================
Received Import Request.
  Time since last request: 0.000037 seconds.
  path: Assets/Visual Assets/Sprites/Tiles/Tile1.4.asset
  artifactKey: Guid(834c7ab985714614095fceb5111397d2) Importer(2089858483,0ecaa5967403d082aa24f35e1b516d23)
Start importing Assets/Visual Assets/Sprites/Tiles/Tile1.4.asset using Guid(834c7ab985714614095fceb5111397d2) Importer(2089858483,0ecaa5967403d082aa24f35e1b516d23)  -> (artifact id: 'b2ad85054bf2e9b55b317f17fd681e6c') in 0.031256 seconds 
Number of updated asset objects reloaded before import = 0
Number of asset objects unloaded after import = 3
========================================================================
Received Import Request.
  Time since last request: 0.000076 seconds.
  path: Assets/Visual Assets/Sprites/Tiles/Tile2.2.asset
  artifactKey: Guid(1df200bdeae2ebd4b84ac5d3f3568a68) Importer(2089858483,0ecaa5967403d082aa24f35e1b516d23)
Start importing Assets/Visual Assets/Sprites/Tiles/Tile2.2.asset using Guid(1df200bdeae2ebd4b84ac5d3f3568a68) Importer(2089858483,0ecaa5967403d082aa24f35e1b516d23)  -> (artifact id: 'f22b11d9ea8db1365e6ce7c89885e045') in 0.030665 seconds 
Number of updated asset objects reloaded before import = 0
Number of asset objects unloaded after import = 3
========================================================================
Received Import Request.
  Time since last request: 0.000034 seconds.
  path: Assets/Visual Assets/Sprites/Tiles/TilePalette.prefab
  artifactKey: Guid(2abfd7316debceb4f984a5a8588a51e4) Importer(2089858483,0ecaa5967403d082aa24f35e1b516d23)
Start importing Assets/Visual Assets/Sprites/Tiles/TilePalette.prefab using Guid(2abfd7316debceb4f984a5a8588a51e4) Importer(2089858483,0ecaa5967403d082aa24f35e1b516d23)  -> (artifact id: '38b1d0ec5143d6aafabd58a2bdd52b38') in 0.086801 seconds 
Number of updated asset objects reloaded before import = 0
Number of asset objects unloaded after import = 46
========================================================================
Received Import Request.
  Time since last request: 0.000060 seconds.
  path: Assets/Visual Assets/Sprites/BonusScore.png
  artifactKey: Guid(edd77446d3703b044a08207d11324c05) Importer(2089858483,0ecaa5967403d082aa24f35e1b516d23)
Start importing Assets/Visual Assets/Sprites/BonusScore.png using Guid(edd77446d3703b044a08207d11324c05) Importer(2089858483,0ecaa5967403d082aa24f35e1b516d23)  -> (artifact id: 'da4253f15e2f6c096767f7aad0ce0c29') in 0.071411 seconds 
Number of updated asset objects reloaded before import = 0
Number of asset objects unloaded after import = 1
========================================================================
Received Import Request.
  Time since last request: 0.000185 seconds.
  path: Assets/Visual Assets/Sprites/Ghost1_NS.png
  artifactKey: Guid(319506a706d06224f9485fc6d69250a4) Importer(2089858483,0ecaa5967403d082aa24f35e1b516d23)
Start importing Assets/Visual Assets/Sprites/Ghost1_NS.png using Guid(319506a706d06224f9485fc6d69250a4) Importer(2089858483,0ecaa5967403d082aa24f35e1b516d23)  -> (artifact id: 'f0cd03ebc1d3c58f1d3fb1b59aa64588') in 0.072624 seconds 
Number of updated asset objects reloaded before import = 0
Number of asset objects unloaded after import = 1
========================================================================
Received Import Request.
  Time since last request: 0.000130 seconds.
  path: Assets/Visual Assets/Sprites/PowerPellet.png
  artifactKey: Guid(9cc8fa857a754df4db4c258dbfebb5f1) Importer(2089858483,0ecaa5967403d082aa24f35e1b516d23)
Start importing Assets/Visual Assets/Sprites/PowerPellet.png using Guid(9cc8fa857a754df4db4c258dbfebb5f1) Importer(2089858483,0ecaa5967403d082aa24f35e1b516d23)  -> (artifact id: 'cbdab28f099e149bb1395e010faefb2e') in 0.090151 seconds 
Number of updated asset objects reloaded before import = 0
Number of asset objects unloaded after import = 1
========================================================================
Received Import Request.
  Time since last request: 0.000030 seconds.
  path: Assets/Visual Assets/Sprites/Tiles/Tile4.3.asset
  artifactKey: Guid(53be281c88d295044a569215efbeab38) Importer(2089858483,0ecaa5967403d082aa24f35e1b516d23)
Start importing Assets/Visual Assets/Sprites/Tiles/Tile4.3.asset using Guid(53be281c88d295044a569215efbeab38) Importer(2089858483,0ecaa5967403d082aa24f35e1b516d23)  -> (artifact id: '7f09672001e62b89085a37f0b99c93b9') in 0.033374 seconds 
Number of updated asset objects reloaded before import = 0
Number of asset objects unloaded after import = 3
========================================================================
Received Import Request.
  Time since last request: 0.000027 seconds.
  path: Assets/Visual Assets/Sprites/Tiles/Tile3.4.asset
  artifactKey: Guid(9ae2fe67b2c009743ae0d2b30c88cc0e) Importer(2089858483,0ecaa5967403d082aa24f35e1b516d23)
Start importing Assets/Visual Assets/Sprites/Tiles/Tile3.4.asset using Guid(9ae2fe67b2c009743ae0d2b30c88cc0e) Importer(2089858483,0ecaa5967403d082aa24f35e1b516d23)  -> (artifact id: 'c7d9855f4c441105ecb04aa376197736') in 0.029907 seconds 
Number of updated asset objects reloaded before import = 0
Number of asset objects unloaded after import = 3
========================================================================
Received Import Request.
  Time since last request: 0.000590 seconds.
  path: Assets/Visual Assets/Sprites/New Piskel (1).gif
  artifactKey: Guid(a9430f12100aba64fa0dbe06639685ca) Importer(2089858483,0ecaa5967403d082aa24f35e1b516d23)
Start importing Assets/Visual Assets/Sprites/New Piskel (1).gif using Guid(a9430f12100aba64fa0dbe06639685ca) Importer(2089858483,0ecaa5967403d082aa24f35e1b516d23)  -> (artifact id: 'ed774441608e1b9c899ac69dd15f332d') in 0.068880 seconds 
Number of updated asset objects reloaded before import = 0
Number of asset objects unloaded after import = 1
========================================================================
Received Import Request.
  Time since last request: 0.000039 seconds.
  path: Assets/Visual Assets/Sprites/Tiles/Tile3.2.png
  artifactKey: Guid(53b3b611616b0794696375566b94f6fc) Importer(2089858483,0ecaa5967403d082aa24f35e1b516d23)
Start importing Assets/Visual Assets/Sprites/Tiles/Tile3.2.png using Guid(53b3b611616b0794696375566b94f6fc) Importer(2089858483,0ecaa5967403d082aa24f35e1b516d23)  -> (artifact id: 'd56a77ba16e2ae2493a8253229b5a7a2') in 0.062352 seconds 
Number of updated asset objects reloaded before import = 0
Number of asset objects unloaded after import = 3
========================================================================
Received Import Request.
  Time since last request: 0.000080 seconds.
  path: Assets/Visual Assets/Sprites/Tiles/Tile2.2.png
  artifactKey: Guid(382fbb1f7daecfa499bcdd9ba384fd16) Importer(2089858483,0ecaa5967403d082aa24f35e1b516d23)
Start importing Assets/Visual Assets/Sprites/Tiles/Tile2.2.png using Guid(382fbb1f7daecfa499bcdd9ba384fd16) Importer(2089858483,0ecaa5967403d082aa24f35e1b516d23)  -> (artifact id: '8ff9fd91c8added26645225fe93c7a76') in 0.082299 seconds 
Number of updated asset objects reloaded before import = 0
Number of asset objects unloaded after import = 3
========================================================================
Received Import Request.
  Time since last request: 68.042835 seconds.
  path: ProjectSettings/TagManager.asset
  artifactKey: Guid(00000000000000003000000000000000) Importer(815301076,1909f56bfc062723c751e8b465ee728b)
Start importing ProjectSettings/TagManager.asset using Guid(00000000000000003000000000000000) Importer(815301076,1909f56bfc062723c751e8b465ee728b)  -> (artifact id: '6b9326e97e2461385864aa44f9e28ada') in 0.018334 seconds 
Number of updated asset objects reloaded before import = 0
Number of asset objects unloaded after import = 0
========================================================================
Received Prepare
Refreshing native plugins compatible for Editor in 0.00 ms, found 0 plugins.
Preloading 0 native plugins for Editor in 0.00 ms.
Unloading 0 Unused Serialized files (Serialized files now loaded: 0)
Unloading 1 unused Assets / (0.8 KB). Loaded Objects now: 857.
Memory consumption went from 42.4 MB to 42.4 MB.
Total: 4.667900 ms (FindLiveObjects: 0.157500 ms CreateObjectMapping: 0.028600 ms MarkObjects: 4.445600 ms  DeleteObjects: 0.034600 ms)

Prepare: number of updated asset objects reloaded= 0
AssetImportParameters requested are different than current active one (requested -> active):
  custom:video-encoder-webm-vp8: eb34c28f22e8b96e1ab97ce403110664 -> 
  custom:video-decoder-webm-vp8: 9c59270c3fd7afecdb556c50c9e8de78 -> 
  custom:audio-decoder-ogg-vorbis: bf7c407c2cedff20999df2af8eb42d56 -> 
  custom:video-decoder-ogg-theora: a1e56fd34408186e4bbccfd4996cb3dc -> 
  custom:audio-encoder-webm-vorbis: bf7c407c2cedff20999df2af8eb42d56 -> 
  custom:container-demuxer-webm: 4f35f7cbe854078d1ac9338744f61a02 -> 
  custom:SearchIndexIgnoredProperties: e643bd26f0fe6173181afceb89e7c659 -> 
  custom:container-muxer-webm: aa71ff27fc2769a1b78a27578f13a17b -> 
  custom:video-codec-MediaFoundation-h265: 746d11721c4dcdbdad8f713fa42b33f4 -> 
  custom:container-demuxer-ogg: 62fdf1f143b41e24485cea50d1cbac27 -> 
  custom:AudioImporter_EditorPlatform: d09bf68614088b80899f8185d706f6e7 -> 
  custom:framework-win-MediaFoundation: 216162199b28c13a410421893ffa2e32 -> 
========================================================================
Received Import Request.
  Time since last request: 149.809048 seconds.
  path: Assets/PacStudent-Game.unity
  artifactKey: Guid(b58b2787f66fe244a957d7cf24a13979) Importer(2089858483,0ecaa5967403d082aa24f35e1b516d23)
Start importing Assets/PacStudent-Game.unity using Guid(b58b2787f66fe244a957d7cf24a13979) Importer(2089858483,0ecaa5967403d082aa24f35e1b516d23)  -> (artifact id: 'd72a6cfbb42063577b179f98040e6421') in 0.031539 seconds 
Number of updated asset objects reloaded before import = 0
Number of asset objects unloaded after import = 1
========================================================================
Received Import Request.
  Time since last request: 87.893604 seconds.
  path: Assets/PacStudent-Game.unity
  artifactKey: Guid(b58b2787f66fe244a957d7cf24a13979) Importer(2089858483,0ecaa5967403d082aa24f35e1b516d23)
Start importing Assets/PacStudent-Game.unity using Guid(b58b2787f66fe244a957d7cf24a13979) Importer(2089858483,0ecaa5967403d082aa24f35e1b516d23)  -> (artifact id: '3475b5b72107951e3c52c70210ee6b72') in 0.033964 seconds 
Number of updated asset objects reloaded before import = 0
Number of asset objects unloaded after import = 1
========================================================================
Received Import Request.
  Time since last request: 1926.342692 seconds.
  path: Assets/Visual Assets/Sprites/PTiles/PTile2.3.png
  artifactKey: Guid(a34a3f13888e7f345bc5be3da8e2d977) Importer(2089858483,0ecaa5967403d082aa24f35e1b516d23)
Start importing Assets/Visual Assets/Sprites/PTiles/PTile2.3.png using Guid(a34a3f13888e7f345bc5be3da8e2d977) Importer(2089858483,0ecaa5967403d082aa24f35e1b516d23)  -> (artifact id: '0b0308e6468fbce3ecca43fea23eafeb') in 0.115644 seconds 
Number of updated asset objects reloaded before import = 0
Number of asset objects unloaded after import = 1
========================================================================
Received Import Request.
  Time since last request: 0.000207 seconds.
  path: Assets/Visual Assets/Sprites/PTiles/PTile7.png
  artifactKey: Guid(119482663c5a16c4d9f6d5785608b197) Importer(2089858483,0ecaa5967403d082aa24f35e1b516d23)
Start importing Assets/Visual Assets/Sprites/PTiles/PTile7.png using Guid(119482663c5a16c4d9f6d5785608b197) Importer(2089858483,0ecaa5967403d082aa24f35e1b516d23)  -> (artifact id: '0a5ac44f20ed5daf121be522639ff93f') in 0.081918 seconds 
Number of updated asset objects reloaded before import = 0
Number of asset objects unloaded after import = 1
========================================================================
Received Import Request.
  Time since last request: 0.000043 seconds.
  path: Assets/Visual Assets/Sprites/PTiles/PTile3.2.png
  artifactKey: Guid(82cc6f985b60dd847a71dfd22d1ed4d0) Importer(2089858483,0ecaa5967403d082aa24f35e1b516d23)
Start importing Assets/Visual Assets/Sprites/PTiles/PTile3.2.png using Guid(82cc6f985b60dd847a71dfd22d1ed4d0) Importer(2089858483,0ecaa5967403d082aa24f35e1b516d23)  -> (artifact id: '381e7928722ab2cddffae4e90bfeea81') in 0.068143 seconds 
Number of updated asset objects reloaded before import = 0
Number of asset objects unloaded after import = 1
========================================================================
Received Import Request.
  Time since last request: 0.000442 seconds.
  path: Assets/Visual Assets/Sprites/PTiles/PTile4.2.png
  artifactKey: Guid(fe1a27825a145cc499c84ae1502639fb) Importer(2089858483,0ecaa5967403d082aa24f35e1b516d23)
Start importing Assets/Visual Assets/Sprites/PTiles/PTile4.2.png using Guid(fe1a27825a145cc499c84ae1502639fb) Importer(2089858483,0ecaa5967403d082aa24f35e1b516d23)  -> (artifact id: '517079703f419fe18b29ac37583ef820') in 0.085256 seconds 
Number of updated asset objects reloaded before import = 0
Number of asset objects unloaded after import = 1
========================================================================
Received Import Request.
  Time since last request: 0.000236 seconds.
  path: Assets/Visual Assets/Sprites/PTiles/PTile3.1.png
  artifactKey: Guid(2fe0aee3ee1ad074297171c0ee27ddcf) Importer(2089858483,0ecaa5967403d082aa24f35e1b516d23)
Start importing Assets/Visual Assets/Sprites/PTiles/PTile3.1.png using Guid(2fe0aee3ee1ad074297171c0ee27ddcf) Importer(2089858483,0ecaa5967403d082aa24f35e1b516d23)  -> (artifact id: 'a6ce2a6724eca7d10bc964dc4981e164') in 0.081334 seconds 
Number of updated asset objects reloaded before import = 0
Number of asset objects unloaded after import = 1
========================================================================
Received Import Request.
  Time since last request: 0.000266 seconds.
  path: Assets/Visual Assets/Sprites/PTiles
  artifactKey: Guid(671b3117aee5c4945bea8cbf1edfdf88) Importer(2089858483,0ecaa5967403d082aa24f35e1b516d23)
Start importing Assets/Visual Assets/Sprites/PTiles using Guid(671b3117aee5c4945bea8cbf1edfdf88) Importer(2089858483,0ecaa5967403d082aa24f35e1b516d23)  -> (artifact id: 'e92e1db80a14cedead0122b11d0473f9') in 0.036749 seconds 
Number of updated asset objects reloaded before import = 0
Number of asset objects unloaded after import = 1
========================================================================
Received Import Request.
  Time since last request: 0.000385 seconds.
  path: Assets/Visual Assets/Sprites/PTiles/PTIle1.4.png
  artifactKey: Guid(c2b7929b21cfb2545ae6c12218b122d5) Importer(2089858483,0ecaa5967403d082aa24f35e1b516d23)
Start importing Assets/Visual Assets/Sprites/PTiles/PTIle1.4.png using Guid(c2b7929b21cfb2545ae6c12218b122d5) Importer(2089858483,0ecaa5967403d082aa24f35e1b516d23)  -> (artifact id: '126d742e6efa8e2ef5cf10c677847a65') in 0.073273 seconds 
Number of updated asset objects reloaded before import = 0
Number of asset objects unloaded after import = 1
========================================================================
Received Import Request.
  Time since last request: 0.000273 seconds.
  path: Assets/Visual Assets/Sprites/PTiles/PTile4.4.png
  artifactKey: Guid(332ff702a6b62384ab7f0e63c2990358) Importer(2089858483,0ecaa5967403d082aa24f35e1b516d23)
Start importing Assets/Visual Assets/Sprites/PTiles/PTile4.4.png using Guid(332ff702a6b62384ab7f0e63c2990358) Importer(2089858483,0ecaa5967403d082aa24f35e1b516d23)  -> (artifact id: '027f38d96b91502002e36fd43b395446') in 0.087651 seconds 
Number of updated asset objects reloaded before import = 0
Number of asset objects unloaded after import = 1
========================================================================
Received Import Request.
  Time since last request: 5.502344 seconds.
  path: Assets/Visual Assets/Sprites/PTiles/PTile1.1.png
  artifactKey: Guid(2b054fdfdc8a3ba42937d5ec92ef34fa) Importer(815301076,1909f56bfc062723c751e8b465ee728b)
Start importing Assets/Visual Assets/Sprites/PTiles/PTile1.1.png using Guid(2b054fdfdc8a3ba42937d5ec92ef34fa) Importer(815301076,1909f56bfc062723c751e8b465ee728b)  -> (artifact id: 'd606b839354ba6efec5e71e263b1e5c4') in 0.156253 seconds 
Number of updated asset objects reloaded before import = 0
Number of asset objects unloaded after import = 2
========================================================================
Received Import Request.
  Time since last request: 0.000091 seconds.
  path: Assets/Visual Assets/Sprites/PTiles/PTile2.1.png
  artifactKey: Guid(16c6a903f9454bb43b3df006fe4f55ef) Importer(815301076,1909f56bfc062723c751e8b465ee728b)
Start importing Assets/Visual Assets/Sprites/PTiles/PTile2.1.png using Guid(16c6a903f9454bb43b3df006fe4f55ef) Importer(815301076,1909f56bfc062723c751e8b465ee728b)  -> (artifact id: '93b18a5c285216f3a1f7cc34a0f3bfe4') in 0.037824 seconds 
Number of updated asset objects reloaded before import = 0
Number of asset objects unloaded after import = 2
========================================================================
Received Import Request.
  Time since last request: 0.000062 seconds.
  path: Assets/Visual Assets/Sprites/PTiles/PTile4.4.png
  artifactKey: Guid(332ff702a6b62384ab7f0e63c2990358) Importer(815301076,1909f56bfc062723c751e8b465ee728b)
Start importing Assets/Visual Assets/Sprites/PTiles/PTile4.4.png using Guid(332ff702a6b62384ab7f0e63c2990358) Importer(815301076,1909f56bfc062723c751e8b465ee728b)  -> (artifact id: '6b6968f5a339018855a3e2a9751653ad') in 0.036341 seconds 
Number of updated asset objects reloaded before import = 0
Number of asset objects unloaded after import = 2
========================================================================
Received Import Request.
  Time since last request: 0.000167 seconds.
  path: Assets/Visual Assets/Sprites/PTiles/PTile7.png
  artifactKey: Guid(119482663c5a16c4d9f6d5785608b197) Importer(815301076,1909f56bfc062723c751e8b465ee728b)
Start importing Assets/Visual Assets/Sprites/PTiles/PTile7.png using Guid(119482663c5a16c4d9f6d5785608b197) Importer(815301076,1909f56bfc062723c751e8b465ee728b)  -> (artifact id: '2a9a1e8ab149f7a2ced0be6785d31caf') in 0.035252 seconds 
Number of updated asset objects reloaded before import = 0
Number of asset objects unloaded after import = 2
========================================================================
Received Import Request.
  Time since last request: 0.000048 seconds.
  path: Assets/Visual Assets/Sprites/PTiles/PTile2.2.png
  artifactKey: Guid(5851af50ce999aa42bc18126e7fa9b60) Importer(815301076,1909f56bfc062723c751e8b465ee728b)
Start importing Assets/Visual Assets/Sprites/PTiles/PTile2.2.png using Guid(5851af50ce999aa42bc18126e7fa9b60) Importer(815301076,1909f56bfc062723c751e8b465ee728b)  -> (artifact id: '3ad98dace7251bba28941581b9957de4') in 0.036633 seconds 
Number of updated asset objects reloaded before import = 0
Number of asset objects unloaded after import = 2
========================================================================
Received Import Request.
  Time since last request: 0.000035 seconds.
  path: Assets/Visual Assets/Sprites/PTiles/PTile3.1.png
  artifactKey: Guid(2fe0aee3ee1ad074297171c0ee27ddcf) Importer(815301076,1909f56bfc062723c751e8b465ee728b)
Start importing Assets/Visual Assets/Sprites/PTiles/PTile3.1.png using Guid(2fe0aee3ee1ad074297171c0ee27ddcf) Importer(815301076,1909f56bfc062723c751e8b465ee728b)  -> (artifact id: 'c093fb29ea0e7db7dcf3428f0720bf0e') in 0.041454 seconds 
Number of updated asset objects reloaded before import = 0
Number of asset objects unloaded after import = 2
========================================================================
Received Import Request.
  Time since last request: 0.000053 seconds.
  path: Assets/Visual Assets/Sprites/PTiles
  artifactKey: Guid(671b3117aee5c4945bea8cbf1edfdf88) Importer(815301076,1909f56bfc062723c751e8b465ee728b)
Start importing Assets/Visual Assets/Sprites/PTiles using Guid(671b3117aee5c4945bea8cbf1edfdf88) Importer(815301076,1909f56bfc062723c751e8b465ee728b)  -> (artifact id: '4fbc77a778acad72e4986339fd4a66d9') in 0.001919 seconds 
Number of updated asset objects reloaded before import = 0
Number of asset objects unloaded after import = 0
========================================================================
Received Import Request.
  Time since last request: 0.000735 seconds.
  path: Assets/Visual Assets/Sprites/PTiles/PTile4.2.png
  artifactKey: Guid(fe1a27825a145cc499c84ae1502639fb) Importer(815301076,1909f56bfc062723c751e8b465ee728b)
Start importing Assets/Visual Assets/Sprites/PTiles/PTile4.2.png using Guid(fe1a27825a145cc499c84ae1502639fb) Importer(815301076,1909f56bfc062723c751e8b465ee728b)  -> (artifact id: '83acf679227dc9f64915ae28112584a6') in 0.042447 seconds 
Number of updated asset objects reloaded before import = 0
Number of asset objects unloaded after import = 2
========================================================================
Received Import Request.
  Time since last request: 0.000045 seconds.
  path: Assets/Visual Assets/Sprites/PTiles/PTile2.4.png
  artifactKey: Guid(e3d97988dbd01e04cab36896a2c6edd1) Importer(815301076,1909f56bfc062723c751e8b465ee728b)
Start importing Assets/Visual Assets/Sprites/PTiles/PTile2.4.png using Guid(e3d97988dbd01e04cab36896a2c6edd1) Importer(815301076,1909f56bfc062723c751e8b465ee728b)  -> (artifact id: '3b1c8a4761429060d20e1d841c33ad63') in 0.054009 seconds 
Number of updated asset objects reloaded before import = 0
Number of asset objects unloaded after import = 2
========================================================================
Received Import Request.
  Time since last request: 17.326687 seconds.
  path: Assets/Visual Assets/Sprites/PTiles/PTile2.3.png
  artifactKey: Guid(a34a3f13888e7f345bc5be3da8e2d977) Importer(815301076,1909f56bfc062723c751e8b465ee728b)
Start importing Assets/Visual Assets/Sprites/PTiles/PTile2.3.png using Guid(a34a3f13888e7f345bc5be3da8e2d977) Importer(815301076,1909f56bfc062723c751e8b465ee728b)  -> (artifact id: '0ff5f5156d9361a3b0814a6c4f6c7efa') in 0.101980 seconds 
Number of updated asset objects reloaded before import = 0
Number of asset objects unloaded after import = 3
========================================================================
Received Import Request.
  Time since last request: 0.000037 seconds.
  path: Assets/Visual Assets/Sprites/PTiles/PTile2.1.png
  artifactKey: Guid(16c6a903f9454bb43b3df006fe4f55ef) Importer(815301076,1909f56bfc062723c751e8b465ee728b)
Start importing Assets/Visual Assets/Sprites/PTiles/PTile2.1.png using Guid(16c6a903f9454bb43b3df006fe4f55ef) Importer(815301076,1909f56bfc062723c751e8b465ee728b)  -> (artifact id: '612aab3b67d2af34b215c298885c98eb') in 0.031700 seconds 
Number of updated asset objects reloaded before import = 0
Number of asset objects unloaded after import = 3
========================================================================
Received Import Request.
  Time since last request: 0.000044 seconds.
  path: Assets/Visual Assets/Sprites/PTiles/PTile1.3.png
  artifactKey: Guid(5ee648d7545dfc94a89570ef4aad56b1) Importer(815301076,1909f56bfc062723c751e8b465ee728b)
Start importing Assets/Visual Assets/Sprites/PTiles/PTile1.3.png using Guid(5ee648d7545dfc94a89570ef4aad56b1) Importer(815301076,1909f56bfc062723c751e8b465ee728b)  -> (artifact id: '4582b837cc7baa50a8033f492418c0a4') in 0.043290 seconds 
Number of updated asset objects reloaded before import = 0
Number of asset objects unloaded after import = 3
========================================================================
Received Import Request.
  Time since last request: 0.000037 seconds.
  path: Assets/Visual Assets/Sprites/PTiles/PTile4.4.png
  artifactKey: Guid(332ff702a6b62384ab7f0e63c2990358) Importer(815301076,1909f56bfc062723c751e8b465ee728b)
Start importing Assets/Visual Assets/Sprites/PTiles/PTile4.4.png using Guid(332ff702a6b62384ab7f0e63c2990358) Importer(815301076,1909f56bfc062723c751e8b465ee728b)  -> (artifact id: 'bda47ae5f7d96cffe6a04ad5e989db3b') in 0.030835 seconds 
Number of updated asset objects reloaded before import = 0
Number of asset objects unloaded after import = 3
========================================================================
Received Import Request.
  Time since last request: 0.000073 seconds.
  path: Assets/Visual Assets/Sprites/PTiles/PTile7.png
  artifactKey: Guid(119482663c5a16c4d9f6d5785608b197) Importer(815301076,1909f56bfc062723c751e8b465ee728b)
Start importing Assets/Visual Assets/Sprites/PTiles/PTile7.png using Guid(119482663c5a16c4d9f6d5785608b197) Importer(815301076,1909f56bfc062723c751e8b465ee728b)  -> (artifact id: 'd889e60addd13b54f3ca1af0fa3ef6d6') in 0.039149 seconds 
Number of updated asset objects reloaded before import = 0
Number of asset objects unloaded after import = 3
========================================================================
Received Import Request.
  Time since last request: 0.000054 seconds.
  path: Assets/Visual Assets/Sprites/PTiles/PTile2.2.png
  artifactKey: Guid(5851af50ce999aa42bc18126e7fa9b60) Importer(815301076,1909f56bfc062723c751e8b465ee728b)
Start importing Assets/Visual Assets/Sprites/PTiles/PTile2.2.png using Guid(5851af50ce999aa42bc18126e7fa9b60) Importer(815301076,1909f56bfc062723c751e8b465ee728b)  -> (artifact id: 'fa35f1f0b188c18351c5f93cc0d73fe5') in 0.041471 seconds 
Number of updated asset objects reloaded before import = 0
Number of asset objects unloaded after import = 3
========================================================================
Received Import Request.
  Time since last request: 0.000089 seconds.
  path: Assets/Visual Assets/Sprites/PTiles/PTile3.1.png
  artifactKey: Guid(2fe0aee3ee1ad074297171c0ee27ddcf) Importer(815301076,1909f56bfc062723c751e8b465ee728b)
Start importing Assets/Visual Assets/Sprites/PTiles/PTile3.1.png using Guid(2fe0aee3ee1ad074297171c0ee27ddcf) Importer(815301076,1909f56bfc062723c751e8b465ee728b)  -> (artifact id: '6eadc6534152e5dc52784fe2a3a0c5ae') in 0.035118 seconds 
Number of updated asset objects reloaded before import = 0
Number of asset objects unloaded after import = 3
========================================================================
Received Import Request.
  Time since last request: 0.000066 seconds.
  path: Assets/Visual Assets/Sprites/PTiles/PTile3.2.png
  artifactKey: Guid(82cc6f985b60dd847a71dfd22d1ed4d0) Importer(815301076,1909f56bfc062723c751e8b465ee728b)
Start importing Assets/Visual Assets/Sprites/PTiles/PTile3.2.png using Guid(82cc6f985b60dd847a71dfd22d1ed4d0) Importer(815301076,1909f56bfc062723c751e8b465ee728b)  -> (artifact id: 'b8fa205ace9c33ee1ac745aff607a6fd') in 0.044623 seconds 
Number of updated asset objects reloaded before import = 0
Number of asset objects unloaded after import = 3
========================================================================
Received Import Request.
  Time since last request: 0.000033 seconds.
  path: Assets/Visual Assets/Sprites/PTiles/PTile2.4.png
  artifactKey: Guid(e3d97988dbd01e04cab36896a2c6edd1) Importer(815301076,1909f56bfc062723c751e8b465ee728b)
Start importing Assets/Visual Assets/Sprites/PTiles/PTile2.4.png using Guid(e3d97988dbd01e04cab36896a2c6edd1) Importer(815301076,1909f56bfc062723c751e8b465ee728b)  -> (artifact id: '752693c7a395993ac460ba09f279da34') in 0.041500 seconds 
Number of updated asset objects reloaded before import = 0
Number of asset objects unloaded after import = 3
========================================================================
Received Import Request.
  Time since last request: 0.589143 seconds.
  path: Assets/Visual Assets/Sprites/PTiles/PTile2.3.png
  artifactKey: Guid(a34a3f13888e7f345bc5be3da8e2d977) Importer(2089858483,0ecaa5967403d082aa24f35e1b516d23)
Start importing Assets/Visual Assets/Sprites/PTiles/PTile2.3.png using Guid(a34a3f13888e7f345bc5be3da8e2d977) Importer(2089858483,0ecaa5967403d082aa24f35e1b516d23)  -> (artifact id: 'f2c14d1883ff7b7d8f801f9daed24def') in 0.079606 seconds 
Number of updated asset objects reloaded before import = 0
Number of asset objects unloaded after import = 3
========================================================================
Received Import Request.
  Time since last request: 0.000238 seconds.
  path: Assets/Visual Assets/Sprites/PTiles/PTile7.png
  artifactKey: Guid(119482663c5a16c4d9f6d5785608b197) Importer(2089858483,0ecaa5967403d082aa24f35e1b516d23)
Start importing Assets/Visual Assets/Sprites/PTiles/PTile7.png using Guid(119482663c5a16c4d9f6d5785608b197) Importer(2089858483,0ecaa5967403d082aa24f35e1b516d23)  -> (artifact id: '35e4eb34861776344420b653c08f6986') in 0.065597 seconds 
Number of updated asset objects reloaded before import = 0
Number of asset objects unloaded after import = 3
========================================================================
Received Import Request.
  Time since last request: 0.000039 seconds.
  path: Assets/Visual Assets/Sprites/PTiles/PTile3.2.png
  artifactKey: Guid(82cc6f985b60dd847a71dfd22d1ed4d0) Importer(2089858483,0ecaa5967403d082aa24f35e1b516d23)
Start importing Assets/Visual Assets/Sprites/PTiles/PTile3.2.png using Guid(82cc6f985b60dd847a71dfd22d1ed4d0) Importer(2089858483,0ecaa5967403d082aa24f35e1b516d23)  -> (artifact id: '6e47cd19794a869e445687adec9c653c') in 0.075115 seconds 
Number of updated asset objects reloaded before import = 0
Number of asset objects unloaded after import = 3
========================================================================
Received Import Request.
  Time since last request: 0.000045 seconds.
  path: Assets/Visual Assets/Sprites/PTiles/PTile4.2.png
  artifactKey: Guid(fe1a27825a145cc499c84ae1502639fb) Importer(2089858483,0ecaa5967403d082aa24f35e1b516d23)
Start importing Assets/Visual Assets/Sprites/PTiles/PTile4.2.png using Guid(fe1a27825a145cc499c84ae1502639fb) Importer(2089858483,0ecaa5967403d082aa24f35e1b516d23)  -> (artifact id: '4f952aa81dcc19d5ef48d4274c98dfa3') in 0.057426 seconds 
Number of updated asset objects reloaded before import = 0
Number of asset objects unloaded after import = 3
========================================================================
Received Import Request.
  Time since last request: 0.000057 seconds.
  path: Assets/Visual Assets/Sprites/PTiles/PTile3.1.png
  artifactKey: Guid(2fe0aee3ee1ad074297171c0ee27ddcf) Importer(2089858483,0ecaa5967403d082aa24f35e1b516d23)
Start importing Assets/Visual Assets/Sprites/PTiles/PTile3.1.png using Guid(2fe0aee3ee1ad074297171c0ee27ddcf) Importer(2089858483,0ecaa5967403d082aa24f35e1b516d23)  -> (artifact id: '55342fd76c961aa95041c5eec6ec0eed') in 0.078227 seconds 
Number of updated asset objects reloaded before import = 0
Number of asset objects unloaded after import = 3
========================================================================
Received Import Request.
  Time since last request: 0.000067 seconds.
  path: Assets/Visual Assets/Sprites/PTiles/PTile1.3.png
  artifactKey: Guid(5ee648d7545dfc94a89570ef4aad56b1) Importer(2089858483,0ecaa5967403d082aa24f35e1b516d23)
Start importing Assets/Visual Assets/Sprites/PTiles/PTile1.3.png using Guid(5ee648d7545dfc94a89570ef4aad56b1) Importer(2089858483,0ecaa5967403d082aa24f35e1b516d23)  -> (artifact id: 'b833c923ef4b349381e9f6193e16fb5c') in 0.073858 seconds 
Number of updated asset objects reloaded before import = 0
Number of asset objects unloaded after import = 3
========================================================================
Received Import Request.
  Time since last request: 0.000043 seconds.
  path: Assets/Visual Assets/Sprites/PTiles/PTile1.2.png
  artifactKey: Guid(a85e12b0bdde28c4689169f71755ffab) Importer(2089858483,0ecaa5967403d082aa24f35e1b516d23)
Start importing Assets/Visual Assets/Sprites/PTiles/PTile1.2.png using Guid(a85e12b0bdde28c4689169f71755ffab) Importer(2089858483,0ecaa5967403d082aa24f35e1b516d23)  -> (artifact id: '751f2572e73b1fe726870949d3737f59') in 0.067872 seconds 
Number of updated asset objects reloaded before import = 0
Number of asset objects unloaded after import = 3
========================================================================
Received Import Request.
  Time since last request: 0.000062 seconds.
  path: Assets/Visual Assets/Sprites/PTiles/PTile1.1.png
  artifactKey: Guid(2b054fdfdc8a3ba42937d5ec92ef34fa) Importer(2089858483,0ecaa5967403d082aa24f35e1b516d23)
Start importing Assets/Visual Assets/Sprites/PTiles/PTile1.1.png using Guid(2b054fdfdc8a3ba42937d5ec92ef34fa) Importer(2089858483,0ecaa5967403d082aa24f35e1b516d23)  -> (artifact id: 'bb5e0ab22535e5819d3a972a8104b29b') in 0.074255 seconds 
Number of updated asset objects reloaded before import = 0
Number of asset objects unloaded after import = 3
========================================================================
Received Import Request.
  Time since last request: 8.487913 seconds.
  path: Assets/Visual Assets/Sprites/PTiles/PTile1.1.asset
  artifactKey: Guid(3da8f1a21d1894b4790d640c4e87865c) Importer(815301076,1909f56bfc062723c751e8b465ee728b)
Start importing Assets/Visual Assets/Sprites/PTiles/PTile1.1.asset using Guid(3da8f1a21d1894b4790d640c4e87865c) Importer(815301076,1909f56bfc062723c751e8b465ee728b)  -> (artifact id: '351c2ef43e2a7e991203c089857e4af9') in 0.040574 seconds 
Number of updated asset objects reloaded before import = 0
Number of asset objects unloaded after import = 3
========================================================================
Received Import Request.
  Time since last request: 0.000029 seconds.
  path: Assets/Visual Assets/Sprites/PTiles/PTile4.3.asset
  artifactKey: Guid(b88659cb95d0742479700987d10dc1bf) Importer(815301076,1909f56bfc062723c751e8b465ee728b)
Start importing Assets/Visual Assets/Sprites/PTiles/PTile4.3.asset using Guid(b88659cb95d0742479700987d10dc1bf) Importer(815301076,1909f56bfc062723c751e8b465ee728b)  -> (artifact id: '579bd9cb8c94bfdfa852a2f1a98f9970') in 0.019983 seconds 
Number of updated asset objects reloaded before import = 0
Number of asset objects unloaded after import = 3
========================================================================
Received Import Request.
  Time since last request: 0.000029 seconds.
  path: Assets/Visual Assets/Sprites/PTiles/PTile2.1.asset
  artifactKey: Guid(b1d519d1f7be0c844a0e165313e8cde9) Importer(815301076,1909f56bfc062723c751e8b465ee728b)
Start importing Assets/Visual Assets/Sprites/PTiles/PTile2.1.asset using Guid(b1d519d1f7be0c844a0e165313e8cde9) Importer(815301076,1909f56bfc062723c751e8b465ee728b)  -> (artifact id: 'dbfd5158fa4504ffd6872f3730026c40') in 0.023090 seconds 
Number of updated asset objects reloaded before import = 0
Number of asset objects unloaded after import = 3
========================================================================
Received Import Request.
  Time since last request: 0.000023 seconds.
  path: Assets/Visual Assets/Sprites/PTiles/PTile2.4.asset
  artifactKey: Guid(0f5bac5d8eec91543838e4ea9e7e71a7) Importer(815301076,1909f56bfc062723c751e8b465ee728b)
Start importing Assets/Visual Assets/Sprites/PTiles/PTile2.4.asset using Guid(0f5bac5d8eec91543838e4ea9e7e71a7) Importer(815301076,1909f56bfc062723c751e8b465ee728b)  -> (artifact id: '72ef622a3589debf26d87482e6f300d7') in 0.043966 seconds 
Number of updated asset objects reloaded before import = 0
Number of asset objects unloaded after import = 3
========================================================================
Received Import Request.
  Time since last request: 0.000027 seconds.
  path: Assets/Visual Assets/Sprites/PTiles/PTile4.2.asset
  artifactKey: Guid(071e7ec2af3bd44448fecc209b86f22b) Importer(815301076,1909f56bfc062723c751e8b465ee728b)
Start importing Assets/Visual Assets/Sprites/PTiles/PTile4.2.asset using Guid(071e7ec2af3bd44448fecc209b86f22b) Importer(815301076,1909f56bfc062723c751e8b465ee728b)  -> (artifact id: 'ef35fefb10796546a6427ce2f138cead') in 0.033359 seconds 
Number of updated asset objects reloaded before import = 0
Number of asset objects unloaded after import = 3
========================================================================
Received Import Request.
  Time since last request: 0.000033 seconds.
  path: Assets/Visual Assets/Sprites/PTiles/PTile4.1.asset
  artifactKey: Guid(dd72980ab402f874a81adae27ff5bd1b) Importer(815301076,1909f56bfc062723c751e8b465ee728b)
Start importing Assets/Visual Assets/Sprites/PTiles/PTile4.1.asset using Guid(dd72980ab402f874a81adae27ff5bd1b) Importer(815301076,1909f56bfc062723c751e8b465ee728b)  -> (artifact id: '5ea18f19816544ed6e007be705e4cf40') in 0.036637 seconds 
Number of updated asset objects reloaded before import = 0
Number of asset objects unloaded after import = 3
========================================================================
Received Import Request.
  Time since last request: 0.000084 seconds.
  path: Assets/Visual Assets/Sprites/PTiles/PTile2.3.asset
  artifactKey: Guid(a1929f3adaaa4e142b8b929a7ac16bf6) Importer(815301076,1909f56bfc062723c751e8b465ee728b)
Start importing Assets/Visual Assets/Sprites/PTiles/PTile2.3.asset using Guid(a1929f3adaaa4e142b8b929a7ac16bf6) Importer(815301076,1909f56bfc062723c751e8b465ee728b)  -> (artifact id: '7cabff7e36cc1e4f563141f2a7811b63') in 0.020239 seconds 
Number of updated asset objects reloaded before import = 0
Number of asset objects unloaded after import = 3
========================================================================
Received Import Request.
  Time since last request: 0.000021 seconds.
  path: Assets/Visual Assets/Sprites/PTiles/PTile3.2.asset
  artifactKey: Guid(74f785ea7e903114a8303f4360d2d75b) Importer(815301076,1909f56bfc062723c751e8b465ee728b)
Start importing Assets/Visual Assets/Sprites/PTiles/PTile3.2.asset using Guid(74f785ea7e903114a8303f4360d2d75b) Importer(815301076,1909f56bfc062723c751e8b465ee728b)  -> (artifact id: '2042a950f1b1d913a60e16c38265d1ce') in 0.020086 seconds 
Number of updated asset objects reloaded before import = 0
Number of asset objects unloaded after import = 3
========================================================================
Received Import Request.
  Time since last request: 0.712423 seconds.
  path: Assets/Visual Assets/Sprites/Tiles/TilePalette.prefab
  artifactKey: Guid(2abfd7316debceb4f984a5a8588a51e4) Importer(2089858483,0ecaa5967403d082aa24f35e1b516d23)
Start importing Assets/Visual Assets/Sprites/Tiles/TilePalette.prefab using Guid(2abfd7316debceb4f984a5a8588a51e4) Importer(2089858483,0ecaa5967403d082aa24f35e1b516d23)  -> (artifact id: 'b05074579b3e9d3edc9dc0605b3bf0d7') in 0.060687 seconds 
Number of updated asset objects reloaded before import = 0
Number of asset objects unloaded after import = 54
========================================================================
Received Import Request.
  Time since last request: 0.000027 seconds.
  path: Assets/Visual Assets/Sprites/PTiles/PTile2.1.asset
  artifactKey: Guid(b1d519d1f7be0c844a0e165313e8cde9) Importer(2089858483,0ecaa5967403d082aa24f35e1b516d23)
Start importing Assets/Visual Assets/Sprites/PTiles/PTile2.1.asset using Guid(b1d519d1f7be0c844a0e165313e8cde9) Importer(2089858483,0ecaa5967403d082aa24f35e1b516d23)  -> (artifact id: 'f7ff28fb9b65eb61233c181cf432bab3') in 0.016087 seconds 
Number of updated asset objects reloaded before import = 0
Number of asset objects unloaded after import = 3
========================================================================
Received Import Request.
  Time since last request: 0.000027 seconds.
  path: Assets/Visual Assets/Sprites/PTiles/PTile4.4.asset
  artifactKey: Guid(20219b38e2589224f9b78ad69c1a1e5e) Importer(2089858483,0ecaa5967403d082aa24f35e1b516d23)
Start importing Assets/Visual Assets/Sprites/PTiles/PTile4.4.asset using Guid(20219b38e2589224f9b78ad69c1a1e5e) Importer(2089858483,0ecaa5967403d082aa24f35e1b516d23)  -> (artifact id: '61d2c081a119d6b35c4543f249cb8098') in 0.025628 seconds 
Number of updated asset objects reloaded before import = 0
Number of asset objects unloaded after import = 3
========================================================================
Received Import Request.
  Time since last request: 0.000041 seconds.
  path: Assets/Visual Assets/Sprites/PTiles/PTile1.2.asset
  artifactKey: Guid(5d9a5167be8823c4bb11a5d74957845f) Importer(2089858483,0ecaa5967403d082aa24f35e1b516d23)
Start importing Assets/Visual Assets/Sprites/PTiles/PTile1.2.asset using Guid(5d9a5167be8823c4bb11a5d74957845f) Importer(2089858483,0ecaa5967403d082aa24f35e1b516d23)  -> (artifact id: 'b4b6621b3ac368b4a00d4a275d413af9') in 0.020724 seconds 
Number of updated asset objects reloaded before import = 0
Number of asset objects unloaded after import = 3
========================================================================
Received Import Request.
  Time since last request: 0.000022 seconds.
  path: Assets/Visual Assets/Sprites/PTiles/PTile7.asset
  artifactKey: Guid(e35fb97fb22083d4995ebd9dcaf9a598) Importer(2089858483,0ecaa5967403d082aa24f35e1b516d23)
Start importing Assets/Visual Assets/Sprites/PTiles/PTile7.asset using Guid(e35fb97fb22083d4995ebd9dcaf9a598) Importer(2089858483,0ecaa5967403d082aa24f35e1b516d23)  -> (artifact id: '4e03d7f2182b5ed19c9b09c9d2ca3270') in 0.016547 seconds 
Number of updated asset objects reloaded before import = 0
Number of asset objects unloaded after import = 3
========================================================================
Received Import Request.
  Time since last request: 0.000020 seconds.
  path: Assets/Visual Assets/Sprites/PTiles/PTile4.3.asset
  artifactKey: Guid(b88659cb95d0742479700987d10dc1bf) Importer(2089858483,0ecaa5967403d082aa24f35e1b516d23)
Start importing Assets/Visual Assets/Sprites/PTiles/PTile4.3.asset using Guid(b88659cb95d0742479700987d10dc1bf) Importer(2089858483,0ecaa5967403d082aa24f35e1b516d23)  -> (artifact id: '1dcc6d0c9f5b41f473ac929905ff3db4') in 0.021829 seconds 
Number of updated asset objects reloaded before import = 0
Number of asset objects unloaded after import = 3
========================================================================
Received Import Request.
  Time since last request: 0.000023 seconds.
  path: Assets/Visual Assets/Sprites/PTiles/PTile2.3.asset
  artifactKey: Guid(a1929f3adaaa4e142b8b929a7ac16bf6) Importer(2089858483,0ecaa5967403d082aa24f35e1b516d23)
Start importing Assets/Visual Assets/Sprites/PTiles/PTile2.3.asset using Guid(a1929f3adaaa4e142b8b929a7ac16bf6) Importer(2089858483,0ecaa5967403d082aa24f35e1b516d23)  -> (artifact id: 'b7da46ad9b870a0a7b021d436764dbdc') in 0.016601 seconds 
Number of updated asset objects reloaded before import = 0
Number of asset objects unloaded after import = 3
========================================================================
Received Import Request.
  Time since last request: 82.695285 seconds.
  path: Assets/Visual Assets/Sprites/Tiles/TilePalette.prefab
  artifactKey: Guid(2abfd7316debceb4f984a5a8588a51e4) Importer(2089858483,0ecaa5967403d082aa24f35e1b516d23)
Start importing Assets/Visual Assets/Sprites/Tiles/TilePalette.prefab using Guid(2abfd7316debceb4f984a5a8588a51e4) Importer(2089858483,0ecaa5967403d082aa24f35e1b516d23)  -> (artifact id: 'b628ffb0d219e7792661efab4e2b59d1') in 0.080690 seconds 
Number of updated asset objects reloaded before import = 0
Number of asset objects unloaded after import = 40
========================================================================
Received Import Request.
  Time since last request: 84.217033 seconds.
  path: Assets/Visual Assets/Sprites/PTiles/Epmty_Tile.png
  artifactKey: Guid(3deb39ed0e415ae44aef8d7f799203ad) Importer(815301076,1909f56bfc062723c751e8b465ee728b)
Start importing Assets/Visual Assets/Sprites/PTiles/Epmty_Tile.png using Guid(3deb39ed0e415ae44aef8d7f799203ad) Importer(815301076,1909f56bfc062723c751e8b465ee728b)  -> (artifact id: '5d5a5b579a16305fc1ed4e140fe8fc8f') in 0.032918 seconds 
Number of updated asset objects reloaded before import = 0
Number of asset objects unloaded after import = 2
========================================================================
Received Import Request.
  Time since last request: 0.917064 seconds.
  path: Assets/Visual Assets/Sprites/PTiles/Epmty_Tile.png
  artifactKey: Guid(3deb39ed0e415ae44aef8d7f799203ad) Importer(2089858483,0ecaa5967403d082aa24f35e1b516d23)
Start importing Assets/Visual Assets/Sprites/PTiles/Epmty_Tile.png using Guid(3deb39ed0e415ae44aef8d7f799203ad) Importer(2089858483,0ecaa5967403d082aa24f35e1b516d23)  -> (artifact id: 'd56ef9768cbbb377f33fb6ff81bff024') in 0.071703 seconds 
Number of updated asset objects reloaded before import = 0
Number of asset objects unloaded after import = 1
========================================================================
Received Import Request.
  Time since last request: 8.368322 seconds.
  path: Assets/Visual Assets/Sprites/PTiles/Epmty_Tile.png
  artifactKey: Guid(3deb39ed0e415ae44aef8d7f799203ad) Importer(815301076,1909f56bfc062723c751e8b465ee728b)
Start importing Assets/Visual Assets/Sprites/PTiles/Epmty_Tile.png using Guid(3deb39ed0e415ae44aef8d7f799203ad) Importer(815301076,1909f56bfc062723c751e8b465ee728b)  -> (artifact id: '466cb070415b6acb34b1aaeddd2366ec') in 0.033536 seconds 
Number of updated asset objects reloaded before import = 0
Number of asset objects unloaded after import = 3
========================================================================
Received Import Request.
  Time since last request: 0.929952 seconds.
  path: Assets/Visual Assets/Sprites/PTiles/Epmty_Tile.png
  artifactKey: Guid(3deb39ed0e415ae44aef8d7f799203ad) Importer(2089858483,0ecaa5967403d082aa24f35e1b516d23)
Start importing Assets/Visual Assets/Sprites/PTiles/Epmty_Tile.png using Guid(3deb39ed0e415ae44aef8d7f799203ad) Importer(2089858483,0ecaa5967403d082aa24f35e1b516d23)  -> (artifact id: '490f85dccb7b618eea96d2961b477b47') in 0.070925 seconds 
Number of updated asset objects reloaded before import = 0
Number of asset objects unloaded after import = 3
========================================================================
Received Import Request.
  Time since last request: 4.994977 seconds.
  path: Assets/Visual Assets/Sprites/PTiles/Epmty_Tile.asset
  artifactKey: Guid(b998eac395c542245a9ba58eaa83c3c1) Importer(815301076,1909f56bfc062723c751e8b465ee728b)
Start importing Assets/Visual Assets/Sprites/PTiles/Epmty_Tile.asset using Guid(b998eac395c542245a9ba58eaa83c3c1) Importer(815301076,1909f56bfc062723c751e8b465ee728b)  -> (artifact id: '5f9a183ab4ed0eec1917333bf18896a2') in 0.031243 seconds 
Number of updated asset objects reloaded before import = 0
Number of asset objects unloaded after import = 3
========================================================================
Received Import Request.
  Time since last request: 0.972007 seconds.
  path: Assets/Visual Assets/Sprites/PTiles/Epmty_Tile.asset
  artifactKey: Guid(b998eac395c542245a9ba58eaa83c3c1) Importer(2089858483,0ecaa5967403d082aa24f35e1b516d23)
Start importing Assets/Visual Assets/Sprites/PTiles/Epmty_Tile.asset using Guid(b998eac395c542245a9ba58eaa83c3c1) Importer(2089858483,0ecaa5967403d082aa24f35e1b516d23)  -> (artifact id: '8faa1660352e7949e663a861c38249af') in 0.042663 seconds 
Number of updated asset objects reloaded before import = 0
Number of asset objects unloaded after import = 3
========================================================================
Received Import Request.
  Time since last request: 366.161457 seconds.
  path: Assets/PacStudent-Game.unity
  artifactKey: Guid(b58b2787f66fe244a957d7cf24a13979) Importer(2089858483,0ecaa5967403d082aa24f35e1b516d23)
Start importing Assets/PacStudent-Game.unity using Guid(b58b2787f66fe244a957d7cf24a13979) Importer(2089858483,0ecaa5967403d082aa24f35e1b516d23)  -> (artifact id: '9f2123dd953ca80b99ad95cd7fb53559') in 0.035014 seconds 
Number of updated asset objects reloaded before import = 0
Number of asset objects unloaded after import = 1
========================================================================
Received Import Request.
  Time since last request: 313.968366 seconds.
  path: Assets/PacStudent-Game.unity
  artifactKey: Guid(b58b2787f66fe244a957d7cf24a13979) Importer(2089858483,0ecaa5967403d082aa24f35e1b516d23)
Start importing Assets/PacStudent-Game.unity using Guid(b58b2787f66fe244a957d7cf24a13979) Importer(2089858483,0ecaa5967403d082aa24f35e1b516d23)  -> (artifact id: '6046c47e15c0485ca048f2c74e4edc31') in 0.046583 seconds 
Number of updated asset objects reloaded before import = 0
Number of asset objects unloaded after import = 1
========================================================================
Received Import Request.
  Time since last request: 7.087977 seconds.
  path: Assets/PacStudent-Game.unity
  artifactKey: Guid(b58b2787f66fe244a957d7cf24a13979) Importer(2089858483,0ecaa5967403d082aa24f35e1b516d23)
Start importing Assets/PacStudent-Game.unity using Guid(b58b2787f66fe244a957d7cf24a13979) Importer(2089858483,0ecaa5967403d082aa24f35e1b516d23)  -> (artifact id: '8e18444dfdd92db8ce9e439631e61fcc') in 0.042785 seconds 
Number of updated asset objects reloaded before import = 0
Number of asset objects unloaded after import = 1
========================================================================
Received Import Request.
  Time since last request: 225.456577 seconds.
  path: Assets/PacStudent-Game.unity
  artifactKey: Guid(b58b2787f66fe244a957d7cf24a13979) Importer(2089858483,0ecaa5967403d082aa24f35e1b516d23)
Start importing Assets/PacStudent-Game.unity using Guid(b58b2787f66fe244a957d7cf24a13979) Importer(2089858483,0ecaa5967403d082aa24f35e1b516d23)  -> (artifact id: '3cfa4aa6c305701847dd4b36935a2ac1') in 0.029422 seconds 
Number of updated asset objects reloaded before import = 0
Number of asset objects unloaded after import = 1
========================================================================
Received Import Request.
  Time since last request: 86.285750 seconds.
  path: Assets/PacStudent-Game.unity
  artifactKey: Guid(b58b2787f66fe244a957d7cf24a13979) Importer(2089858483,0ecaa5967403d082aa24f35e1b516d23)
Start importing Assets/PacStudent-Game.unity using Guid(b58b2787f66fe244a957d7cf24a13979) Importer(2089858483,0ecaa5967403d082aa24f35e1b516d23)  -> (artifact id: '349c223322147225189920185a986a40') in 0.035354 seconds 
Number of updated asset objects reloaded before import = 0
Number of asset objects unloaded after import = 1
========================================================================
Received Import Request.
  Time since last request: 41.300289 seconds.
  path: Assets/PacStudent-Game.unity
  artifactKey: Guid(b58b2787f66fe244a957d7cf24a13979) Importer(2089858483,0ecaa5967403d082aa24f35e1b516d23)
Start importing Assets/PacStudent-Game.unity using Guid(b58b2787f66fe244a957d7cf24a13979) Importer(2089858483,0ecaa5967403d082aa24f35e1b516d23)  -> (artifact id: '28d3f8c3bc0bbf34c53e2910feb5a858') in 0.031853 seconds 
Number of updated asset objects reloaded before import = 0
Number of asset objects unloaded after import = 1
========================================================================
Received Import Request.
  Time since last request: 525.174722 seconds.
  path: Packages/com.unity.2d.tilemap/Editor/Unity.2D.Tilemap.Editor.asmdef
  artifactKey: Guid(3a9781db4804a9945b9883f3a7c46d45) Importer(815301076,1909f56bfc062723c751e8b465ee728b)
Start importing Packages/com.unity.2d.tilemap/Editor/Unity.2D.Tilemap.Editor.asmdef using Guid(3a9781db4804a9945b9883f3a7c46d45) Importer(815301076,1909f56bfc062723c751e8b465ee728b)  -> (artifact id: '5e904b3b6b58d22c52fc05c18ab0dafd') in 0.003032 seconds 
Number of updated asset objects reloaded before import = 0
Number of asset objects unloaded after import = 0
========================================================================
Received Import Request.
  Time since last request: 4.476892 seconds.
  path: Packages/com.unity.2d.tilemap/package.json
  artifactKey: Guid(51797d68d3132bb419217a229e09fc47) Importer(815301076,1909f56bfc062723c751e8b465ee728b)
Start importing Packages/com.unity.2d.tilemap/package.json using Guid(51797d68d3132bb419217a229e09fc47) Importer(815301076,1909f56bfc062723c751e8b465ee728b)  -> (artifact id: '99ff338c4bf866204a405a700557a0c6') in 0.003661 seconds 
Number of updated asset objects reloaded before import = 0
Number of asset objects unloaded after import = 1
========================================================================
Received Import Request.
  Time since last request: 327.376153 seconds.
  path: Assets/Visual Assets/Sprites/PTiles/PTile1.5.png
  artifactKey: Guid(b143dd42dadc0994eaf349ebbef817c0) Importer(2089858483,0ecaa5967403d082aa24f35e1b516d23)
Start importing Assets/Visual Assets/Sprites/PTiles/PTile1.5.png using Guid(b143dd42dadc0994eaf349ebbef817c0) Importer(2089858483,0ecaa5967403d082aa24f35e1b516d23)  -> (artifact id: 'aef83d722146fabb85f9f7033f56a7ad') in 0.150738 seconds 
Number of updated asset objects reloaded before import = 0
Number of asset objects unloaded after import = 1
========================================================================
Received Import Request.
  Time since last request: 0.439179 seconds.
  path: Assets/Visual Assets/Sprites/PTiles/PTile1.5.png
  artifactKey: Guid(b143dd42dadc0994eaf349ebbef817c0) Importer(815301076,1909f56bfc062723c751e8b465ee728b)
Start importing Assets/Visual Assets/Sprites/PTiles/PTile1.5.png using Guid(b143dd42dadc0994eaf349ebbef817c0) Importer(815301076,1909f56bfc062723c751e8b465ee728b)  -> (artifact id: '837ae899b5a238dbe7872e16e0e91126') in 0.075639 seconds 
Number of updated asset objects reloaded before import = 0
Number of asset objects unloaded after import = 2
========================================================================
Received Import Request.
  Time since last request: 11.520175 seconds.
  path: Assets/Visual Assets/Sprites/PTiles/PTile1.5.png
  artifactKey: Guid(b143dd42dadc0994eaf349ebbef817c0) Importer(815301076,1909f56bfc062723c751e8b465ee728b)
Start importing Assets/Visual Assets/Sprites/PTiles/PTile1.5.png using Guid(b143dd42dadc0994eaf349ebbef817c0) Importer(815301076,1909f56bfc062723c751e8b465ee728b)  -> (artifact id: '3502727d0dd1628cd03c91ae865c3574') in 0.032079 seconds 
Number of updated asset objects reloaded before import = 0
Number of asset objects unloaded after import = 3
========================================================================
Received Import Request.
  Time since last request: 0.918315 seconds.
  path: Assets/Visual Assets/Sprites/PTiles/PTile1.5.png
  artifactKey: Guid(b143dd42dadc0994eaf349ebbef817c0) Importer(2089858483,0ecaa5967403d082aa24f35e1b516d23)
Start importing Assets/Visual Assets/Sprites/PTiles/PTile1.5.png using Guid(b143dd42dadc0994eaf349ebbef817c0) Importer(2089858483,0ecaa5967403d082aa24f35e1b516d23)  -> (artifact id: '35873fc2e440ef814f62ac79d32a0970') in 0.109762 seconds 
Number of updated asset objects reloaded before import = 0
Number of asset objects unloaded after import = 3
========================================================================
Received Import Request.
  Time since last request: 11.004965 seconds.
  path: Assets/PacStudent-Game.unity
  artifactKey: Guid(b58b2787f66fe244a957d7cf24a13979) Importer(2089858483,0ecaa5967403d082aa24f35e1b516d23)
Start importing Assets/PacStudent-Game.unity using Guid(b58b2787f66fe244a957d7cf24a13979) Importer(2089858483,0ecaa5967403d082aa24f35e1b516d23)  -> (artifact id: 'a056d4e7cb6334844a29e906de11012a') in 0.030659 seconds 
Number of updated asset objects reloaded before import = 0
Number of asset objects unloaded after import = 1
========================================================================
Received Import Request.
  Time since last request: 23.163847 seconds.
  path: Assets/Visual Assets/Sprites/PTiles/New Palette.prefab
  artifactKey: Guid(0dd1ab69b6767d341b19cda36bf4aa11) Importer(815301076,1909f56bfc062723c751e8b465ee728b)
Start importing Assets/Visual Assets/Sprites/PTiles/New Palette.prefab using Guid(0dd1ab69b6767d341b19cda36bf4aa11) Importer(815301076,1909f56bfc062723c751e8b465ee728b)  -> (artifact id: '789dd6f3bca869f76ef0b4c73cc1d9c1') in 0.197057 seconds 
Number of updated asset objects reloaded before import = 0
Number of asset objects unloaded after import = 10
========================================================================
Received Import Request.
  Time since last request: 0.748574 seconds.
  path: Assets/Visual Assets/Sprites/PTiles/New Palette.prefab
  artifactKey: Guid(0dd1ab69b6767d341b19cda36bf4aa11) Importer(2089858483,0ecaa5967403d082aa24f35e1b516d23)
Start importing Assets/Visual Assets/Sprites/PTiles/New Palette.prefab using Guid(0dd1ab69b6767d341b19cda36bf4aa11) Importer(2089858483,0ecaa5967403d082aa24f35e1b516d23)  -> (artifact id: '6a2f990114b0ef7ce163cb43408b6279') in 0.045036 seconds 
Number of updated asset objects reloaded before import = 0
Number of asset objects unloaded after import = 10
========================================================================
Received Import Request.
  Time since last request: 20.861805 seconds.
  path: Assets/Visual Assets/Sprites/PTiles/New Palette.prefab
  artifactKey: Guid(0dd1ab69b6767d341b19cda36bf4aa11) Importer(815301076,1909f56bfc062723c751e8b465ee728b)
Start importing Assets/Visual Assets/Sprites/PTiles/New Palette.prefab using Guid(0dd1ab69b6767d341b19cda36bf4aa11) Importer(815301076,1909f56bfc062723c751e8b465ee728b)  -> (artifact id: 'af16fdd3bca575e85158973e2d399163') in 0.106807 seconds 
Number of updated asset objects reloaded before import = 0
Number of asset objects unloaded after import = 73
========================================================================
Received Import Request.
  Time since last request: 0.000053 seconds.
  path: Assets/Visual Assets/Sprites/PTiles/PTile4.3 1.asset
  artifactKey: Guid(a18043ab80607b741b2d11139b0b6c70) Importer(815301076,1909f56bfc062723c751e8b465ee728b)
Start importing Assets/Visual Assets/Sprites/PTiles/PTile4.3 1.asset using Guid(a18043ab80607b741b2d11139b0b6c70) Importer(815301076,1909f56bfc062723c751e8b465ee728b)  -> (artifact id: '4fa1ac9841cdc5f70522efa2226e31b2') in 0.017907 seconds 
Number of updated asset objects reloaded before import = 0
Number of asset objects unloaded after import = 3
========================================================================
Received Import Request.
  Time since last request: 0.000046 seconds.
  path: Assets/Visual Assets/Sprites/PTiles/PTile1.5.asset
  artifactKey: Guid(263022753ba2ccc46a6409af4eb3dea2) Importer(815301076,1909f56bfc062723c751e8b465ee728b)
Start importing Assets/Visual Assets/Sprites/PTiles/PTile1.5.asset using Guid(263022753ba2ccc46a6409af4eb3dea2) Importer(815301076,1909f56bfc062723c751e8b465ee728b)  -> (artifact id: '1ca2e3fc3c6193dacf01b1593217344d') in 0.037588 seconds 
Number of updated asset objects reloaded before import = 0
Number of asset objects unloaded after import = 3
========================================================================
Received Import Request.
  Time since last request: 0.000062 seconds.
  path: Assets/Visual Assets/Sprites/PTiles/PTile2.4 1.asset
  artifactKey: Guid(116847c17113a2e4d96d317d332ebe5d) Importer(815301076,1909f56bfc062723c751e8b465ee728b)
Start importing Assets/Visual Assets/Sprites/PTiles/PTile2.4 1.asset using Guid(116847c17113a2e4d96d317d332ebe5d) Importer(815301076,1909f56bfc062723c751e8b465ee728b)  -> (artifact id: '952fcd80d2f04fd9f8458f5ff4f5ae8e') in 0.029818 seconds 
Number of updated asset objects reloaded before import = 0
Number of asset objects unloaded after import = 3
========================================================================
Received Import Request.
  Time since last request: 0.000072 seconds.
  path: Assets/Visual Assets/Sprites/PTiles/PTile2.1 1.asset
  artifactKey: Guid(7c05e80a037a3614886f0848d5091221) Importer(815301076,1909f56bfc062723c751e8b465ee728b)
Start importing Assets/Visual Assets/Sprites/PTiles/PTile2.1 1.asset using Guid(7c05e80a037a3614886f0848d5091221) Importer(815301076,1909f56bfc062723c751e8b465ee728b)  -> (artifact id: 'eee9f7b37e39c6dd31096c95d85e28ff') in 0.022754 seconds 
Number of updated asset objects reloaded before import = 0
Number of asset objects unloaded after import = 3
========================================================================
Received Import Request.
  Time since last request: 0.000043 seconds.
  path: Assets/Visual Assets/Sprites/PTiles/PTile4.4 1.asset
  artifactKey: Guid(af14df9dc11d374438af2abc9c459125) Importer(815301076,1909f56bfc062723c751e8b465ee728b)
Start importing Assets/Visual Assets/Sprites/PTiles/PTile4.4 1.asset using Guid(af14df9dc11d374438af2abc9c459125) Importer(815301076,1909f56bfc062723c751e8b465ee728b)  -> (artifact id: 'e22a4f0c74cee74f27fc9e4077a95a6d') in 0.019428 seconds 
Number of updated asset objects reloaded before import = 0
Number of asset objects unloaded after import = 3
========================================================================
Received Import Request.
  Time since last request: 0.000045 seconds.
  path: Assets/Visual Assets/Sprites/PTiles/PTile2.2 1.asset
  artifactKey: Guid(1de1848018991904d92482b8bea243c1) Importer(815301076,1909f56bfc062723c751e8b465ee728b)
Start importing Assets/Visual Assets/Sprites/PTiles/PTile2.2 1.asset using Guid(1de1848018991904d92482b8bea243c1) Importer(815301076,1909f56bfc062723c751e8b465ee728b)  -> (artifact id: 'aa84ec7b3e842637054a93847e680246') in 0.014919 seconds 
Number of updated asset objects reloaded before import = 0
Number of asset objects unloaded after import = 3
========================================================================
Received Import Request.
  Time since last request: 0.000044 seconds.
  path: Assets/Visual Assets/Sprites/PTiles/PTile2.3 1.asset
  artifactKey: Guid(935c158d6ae082042af767c2452992a9) Importer(815301076,1909f56bfc062723c751e8b465ee728b)
Start importing Assets/Visual Assets/Sprites/PTiles/PTile2.3 1.asset using Guid(935c158d6ae082042af767c2452992a9) Importer(815301076,1909f56bfc062723c751e8b465ee728b)  -> (artifact id: '2e7214b7e80c06243368eb22f5778d51') in 0.017091 seconds 
Number of updated asset objects reloaded before import = 0
Number of asset objects unloaded after import = 3
========================================================================
Received Import Request.
  Time since last request: 0.000037 seconds.
  path: Assets/Visual Assets/Sprites/PTiles/PTile3.1 1.asset
  artifactKey: Guid(fac69c89aa150b4489b2a02a5b250f41) Importer(815301076,1909f56bfc062723c751e8b465ee728b)
Start importing Assets/Visual Assets/Sprites/PTiles/PTile3.1 1.asset using Guid(fac69c89aa150b4489b2a02a5b250f41) Importer(815301076,1909f56bfc062723c751e8b465ee728b)  -> (artifact id: 'a4eae53ddc957360691629a81d820353') in 0.023168 seconds 
Number of updated asset objects reloaded before import = 0
Number of asset objects unloaded after import = 3
========================================================================
Received Import Request.
  Time since last request: 0.652642 seconds.
  path: Assets/Visual Assets/Sprites/PTiles/PTile1.1 1.asset
  artifactKey: Guid(22ba0415429258d40939ebd805ac5890) Importer(2089858483,0ecaa5967403d082aa24f35e1b516d23)
Start importing Assets/Visual Assets/Sprites/PTiles/PTile1.1 1.asset using Guid(22ba0415429258d40939ebd805ac5890) Importer(2089858483,0ecaa5967403d082aa24f35e1b516d23)  -> (artifact id: '7c53eb32d5b6e567f10f16d95211c268') in 0.106898 seconds 
Number of updated asset objects reloaded before import = 0
Number of asset objects unloaded after import = 3
========================================================================
Received Import Request.
  Time since last request: 0.000083 seconds.
  path: Assets/Visual Assets/Sprites/PTiles/PTile1.5.asset
  artifactKey: Guid(263022753ba2ccc46a6409af4eb3dea2) Importer(2089858483,0ecaa5967403d082aa24f35e1b516d23)
Start importing Assets/Visual Assets/Sprites/PTiles/PTile1.5.asset using Guid(263022753ba2ccc46a6409af4eb3dea2) Importer(2089858483,0ecaa5967403d082aa24f35e1b516d23)  -> (artifact id: '52ca8aa9bf16c4a0077d52eb62d80f23') in 0.074082 seconds 
Number of updated asset objects reloaded before import = 0
Number of asset objects unloaded after import = 3
========================================================================
Received Import Request.
  Time since last request: 0.000272 seconds.
  path: Assets/Visual Assets/Sprites/PTiles/PTile7 1.asset
  artifactKey: Guid(fff03abeb5411a942bb20e8658c27485) Importer(2089858483,0ecaa5967403d082aa24f35e1b516d23)
Start importing Assets/Visual Assets/Sprites/PTiles/PTile7 1.asset using Guid(fff03abeb5411a942bb20e8658c27485) Importer(2089858483,0ecaa5967403d082aa24f35e1b516d23)  -> (artifact id: 'dd3dd82331e1f3e704a35ea89f490854') in 0.108643 seconds 
Number of updated asset objects reloaded before import = 0
Number of asset objects unloaded after import = 3
========================================================================
Received Import Request.
  Time since last request: 0.000075 seconds.
  path: Assets/Visual Assets/Sprites/PTiles/New Palette.prefab
  artifactKey: Guid(0dd1ab69b6767d341b19cda36bf4aa11) Importer(2089858483,0ecaa5967403d082aa24f35e1b516d23)
Start importing Assets/Visual Assets/Sprites/PTiles/New Palette.prefab using Guid(0dd1ab69b6767d341b19cda36bf4aa11) Importer(2089858483,0ecaa5967403d082aa24f35e1b516d23)  -> (artifact id: 'd6e1acd5493f4a64c9ff57748746a1dc') in 0.164917 seconds 
Number of updated asset objects reloaded before import = 0
Number of asset objects unloaded after import = 57
========================================================================
Received Import Request.
  Time since last request: 0.000127 seconds.
  path: Assets/Visual Assets/Sprites/PTiles/PTile2.3 1.asset
  artifactKey: Guid(935c158d6ae082042af767c2452992a9) Importer(2089858483,0ecaa5967403d082aa24f35e1b516d23)
Start importing Assets/Visual Assets/Sprites/PTiles/PTile2.3 1.asset using Guid(935c158d6ae082042af767c2452992a9) Importer(2089858483,0ecaa5967403d082aa24f35e1b516d23)  -> (artifact id: '3a1b2937a73dfd9d93bc4a75724dc523') in 0.112067 seconds 
Number of updated asset objects reloaded before import = 0
Number of asset objects unloaded after import = 3
========================================================================
Received Import Request.
  Time since last request: 0.000133 seconds.
  path: Assets/Visual Assets/Sprites/PTiles/PTile4.2 1.asset
  artifactKey: Guid(4fc3eb3cf8791e849ae2c49f2daecc75) Importer(2089858483,0ecaa5967403d082aa24f35e1b516d23)
Start importing Assets/Visual Assets/Sprites/PTiles/PTile4.2 1.asset using Guid(4fc3eb3cf8791e849ae2c49f2daecc75) Importer(2089858483,0ecaa5967403d082aa24f35e1b516d23)  -> (artifact id: 'ce58560ecd0a2bbb1682a5f92f9b2096') in 0.123707 seconds 
Number of updated asset objects reloaded before import = 0
Number of asset objects unloaded after import = 3
========================================================================
Received Import Request.
  Time since last request: 0.000058 seconds.
  path: Assets/Visual Assets/Sprites/PTiles/PTile2.4 1.asset
  artifactKey: Guid(116847c17113a2e4d96d317d332ebe5d) Importer(2089858483,0ecaa5967403d082aa24f35e1b516d23)
Start importing Assets/Visual Assets/Sprites/PTiles/PTile2.4 1.asset using Guid(116847c17113a2e4d96d317d332ebe5d) Importer(2089858483,0ecaa5967403d082aa24f35e1b516d23)  -> (artifact id: '6a4475c5f3961efc40979015b769aca3') in 0.051161 seconds 
Number of updated asset objects reloaded before import = 0
Number of asset objects unloaded after import = 3
========================================================================
Received Import Request.
  Time since last request: 0.000066 seconds.
  path: Assets/Visual Assets/Sprites/PTiles/PTile4.1 1.asset
  artifactKey: Guid(af945760e45648b4d98cb4d1162012f6) Importer(2089858483,0ecaa5967403d082aa24f35e1b516d23)
Start importing Assets/Visual Assets/Sprites/PTiles/PTile4.1 1.asset using Guid(af945760e45648b4d98cb4d1162012f6) Importer(2089858483,0ecaa5967403d082aa24f35e1b516d23)  -> (artifact id: '400756591da45d3139ddaf4dc64a3a03') in 0.174167 seconds 
Number of updated asset objects reloaded before import = 0
Number of asset objects unloaded after import = 3
